<?xml version="1.0" encoding="UTF-8"?>
<testsuites>
  <testsuite name="" tests="2" assertions="2" errors="0" failures="0" skipped="0" time="0.099719">
    <testsuite name="Feature" tests="1" assertions="1" errors="0" failures="0" skipped="0" time="0.093441">
      <testsuite name="Tests\Feature\ExampleTest" file="/var/www/ussd/src/tests/Feature/ExampleTest.php" tests="1" assertions="1" errors="0" failures="0" skipped="0" time="0.093441">
        <testcase name="testBasicTest" class="Tests\Feature\ExampleTest" classname="Tests.Feature.ExampleTest" file="/var/www/ussd/src/tests/Feature/ExampleTest.php" line="15" assertions="1" time="0.093441"/>
      </testsuite>
    </testsuite>
    <testsuite name="Unit" tests="1" assertions="1" errors="0" failures="0" skipped="0" time="0.006278">
      <testsuite name="Tests\Unit\ExampleTest" file="/var/www/ussd/src/tests/Unit/ExampleTest.php" tests="1" assertions="1" errors="0" failures="0" skipped="0" time="0.006278">
        <testcase name="testBasicTest" class="Tests\Unit\ExampleTest" classname="Tests.Unit.ExampleTest" file="/var/www/ussd/src/tests/Unit/ExampleTest.php" line="15" assertions="1" time="0.006278"/>
      </testsuite>
    </testsuite>
  </testsuite>
</testsuites>
